\BOOKMARK [0][-]{chapter.1}{Wprowadzenie}{}% 1
\BOOKMARK [0][-]{chapter.2}{Przeglad literatury}{}% 2
\BOOKMARK [1][-]{section.2.1}{Cele badania przestrzeni rozwiazan}{chapter.2}% 3
\BOOKMARK [1][-]{section.2.2}{Pr\363bkowanie przestrzeni rozwiazan}{chapter.2}% 4
\BOOKMARK [1][-]{section.2.3}{O przestrzeni rozwiazan}{chapter.2}% 5
\BOOKMARK [2][-]{subsection.2.3.1}{Siec optim\363w lokalnych}{section.2.3}% 6
\BOOKMARK [2][-]{subsection.2.3.2}{Wierzcho\233ki}{section.2.3}% 7
\BOOKMARK [2][-]{subsection.2.3.3}{Krawedzie}{section.2.3}% 8
\BOOKMARK [2][-]{subsection.2.3.4}{Struktury lejowe}{section.2.3}% 9
\BOOKMARK [2][-]{subsection.2.3.5}{Metryki przestrzeni rozwiazan}{section.2.3}% 10
\BOOKMARK [2][-]{subsection.2.3.6}{Problem komiwojazera}{section.2.3}% 11
\BOOKMARK [2][-]{subsection.2.3.7}{Operacja 2-exchange}{section.2.3}% 12
\BOOKMARK [0][-]{chapter.3}{Badania eksperymentalne}{}% 13
\BOOKMARK [1][-]{section.3.1}{Zaimplementowane algorytmy}{chapter.3}% 14
\BOOKMARK [2][-]{subsection.3.1.1}{Pr\363bkowanie dwufazowe}{section.3.1}% 15
\BOOKMARK [2][-]{subsection.3.1.2}{Snowball}{section.3.1}% 16
\BOOKMARK [2][-]{subsection.3.1.3}{Przeglad zupe\233ny}{section.3.1}% 17
\BOOKMARK [1][-]{section.3.2}{Instancje testowe}{chapter.3}% 18
\BOOKMARK [1][-]{section.3.3}{Opis badan}{chapter.3}% 19
\BOOKMARK [2][-]{subsection.3.3.1}{Por\363wnanie wartosci metryk dla ma\233ych instancji}{section.3.3}% 20
\BOOKMARK [2][-]{subsection.3.3.2}{Badanie stabilnosci dla srednich instancji}{section.3.3}% 21
\BOOKMARK [2][-]{subsection.3.3.3}{Badanie stabilnosci dla duzych instancji}{section.3.3}% 22
\BOOKMARK [2][-]{subsection.3.3.4}{Korelacja wzajemna miar}{section.3.3}% 23
\BOOKMARK [2][-]{subsection.3.3.5}{Podsumowanie wynik\363w}{section.3.3}% 24
\BOOKMARK [0][-]{chapter.4}{Opis implementacji}{}% 25
\BOOKMARK [1][-]{section.4.1}{Program pr\363bkujacy}{chapter.4}% 26
\BOOKMARK [2][-]{subsection.4.1.1}{Uruchamianie i parametry}{section.4.1}% 27
\BOOKMARK [2][-]{subsection.4.1.2}{Pliki wejsciowe i wyjsciowe}{section.4.1}% 28
\BOOKMARK [1][-]{section.4.2}{Program obliczajacy wartosci miar}{chapter.4}% 29
\BOOKMARK [2][-]{subsection.4.2.1}{Uruchamianie i parametry}{section.4.2}% 30
\BOOKMARK [2][-]{subsection.4.2.2}{Pliki wejsciowe i wyjsciowe}{section.4.2}% 31
\BOOKMARK [1][-]{section.4.3}{Generatory instancji testowych}{chapter.4}% 32
\BOOKMARK [2][-]{subsection.4.3.1}{Pliki wyjsciowe}{section.4.3}% 33
\BOOKMARK [1][-]{section.4.4}{Skrypty pomocnicze}{chapter.4}% 34
\BOOKMARK [1][-]{section.4.5}{Wykorzystane biblioteki}{chapter.4}% 35
\BOOKMARK [0][-]{chapter.5}{Podsumowanie}{}% 36
\BOOKMARK [0][-]{chapter.5}{Literatura}{}% 37
\BOOKMARK [0][-]{chapter*.11}{Spis rysunk\363w}{}% 38
\BOOKMARK [0][-]{chapter*.12}{Spis tablic}{}% 39
