This is pdfTeX, Version 3.14159265-2.6-1.40.21 (TeX Live 2020/Debian) (preloaded format=pdflatex 2023.4.7)  25 MAY 2023 10:47
entering extended mode
 restricted \write18 enabled.
 file:line:error style messages enabled.
 %&-line parsing enabled.
**/home/gero/Praca_magisterska/src/header.tex
(/home/gero/Praca_magisterska/src/header.tex
LaTeX2e <2020-10-01> patch level 4
L3 programming layer <2021-01-09> xparse <2020-03-03>

! LaTeX Error: File `lib/mgr.cls' not found.

Type X to quit or <RETURN> to proceed,
or enter new name. (Default extension: cls)

Enter file name: 
/home/gero/Praca_magisterska/src/header.tex:5: Emergency stop.
<read *> 
         
l.5 ^^M
       
*** (cannot \read from terminal in nonstop modes)

 
Here is how much of TeX's memory you used:
 23 strings out of 481144
 558 string characters out of 5913431
 266426 words of memory out of 5000000
 17069 multiletter control sequences out of 15000+600000
 403430 words of font info for 27 fonts, out of 8000000 for 9000
 79 hyphenation exceptions out of 8191
 32i,0n,39p,90b,13s stack positions out of 5000i,500n,10000p,200000b,80000s
/home/gero/Praca_magisterska/src/header.tex:5:  ==> Fatal error occurred, no output PDF file produced!
